-------------------------------------------------------------------------------
Test set: com.example.iaasconsole.security.CloudStackSignatureServiceTest
-------------------------------------------------------------------------------
Tests run: 1, Failures: 1, Errors: 0, Skipped: 0, Time elapsed: 0.021 s <<< FAILURE! -- in com.example.iaasconsole.security.CloudStackSignatureServiceTest
com.example.iaasconsole.security.CloudStackSignatureServiceTest.testGenerateSignature -- Time elapsed: 0.014 s <<< FAILURE!
org.opentest4j.AssertionFailedError: expected: <Xz5e+eD/kF0g7c+W1Z6QkXqJ2Y0=> but was: <FWZ4Wq1s4ZOddRI0aFB9HCUDkgc=>
	at org.junit.jupiter.api.AssertionFailureBuilder.build(AssertionFailureBuilder.java:158)
	at org.junit.jupiter.api.AssertionFailureBuilder.buildAndThrow(AssertionFailureBuilder.java:139)
	at org.junit.jupiter.api.AssertEquals.failNotEqual(AssertEquals.java:201)
	at org.junit.jupiter.api.AssertEquals.assertEquals(AssertEquals.java:184)
	at org.junit.jupiter.api.AssertEquals.assertEquals(AssertEquals.java:179)
	at org.junit.jupiter.api.Assertions.assertEquals(Assertions.java:1188)
	at com.example.iaasconsole.security.CloudStackSignatureServiceTest.testGenerateSignature(CloudStackSignatureServiceTest.java:24)

