<?xml version="1.0" encoding="UTF-8"?>
<testsuite xmlns:xsi="http://www.w3.org/2001/XMLSchema-instance" xsi:noNamespaceSchemaLocation="https://maven.apache.org/surefire/maven-surefire-plugin/xsd/surefire-test-report.xsd" version="3.0.2" name="com.example.iaasconsole.security.CloudStackSignatureServiceTest" time="0.021" tests="1" errors="0" skipped="0" failures="1" flakes="0">
  <properties>
[...]
</properties>
  <testcase name="testGenerateSignature" classname="com.example.iaasconsole.security.CloudStackSignatureServiceTest" time="0.014">
    <failure message="expected: &lt;Xz5e+eD/kF0g7c+W1Z6QkXqJ2Y0=&gt; but was: &lt;FWZ4Wq1s4ZOddRI0aFB9HCUDkgc=&gt;" type="org.opentest4j.AssertionFailedError"><![CDATA[org.opentest4j.AssertionFailedError: expected: <Xz5e+eD/kF0g7c+W1Z6QkXqJ2Y0=> but was: <FWZ4Wq1s4ZOddRI0aFB9HCUDkgc=>
	at org.junit.jupiter.api.AssertionFailureBuilder.build(AssertionFailureBuilder.java:158)
	at org.junit.jupiter.api.AssertionFailureBuilder.buildAndThrow(AssertionFailureBuilder.java:139)
	at org.junit.jupiter.api.AssertEquals.failNotEqual(AssertEquals.java:201)
	at org.junit.jupiter.api.AssertEquals.assertEquals(AssertEquals.java:184)
	at org.junit.jupiter.api.AssertEquals.assertEquals(AssertEquals.java:179)
	at org.junit.jupiter.api.Assertions.assertEquals(Assertions.java:1188)
	at com.example.iaasconsole.security.CloudStackSignatureServiceTest.testGenerateSignature(CloudStackSignatureServiceTest.java:24)
]]></failure>
  </testcase>
</testsuite>